{"level":"info","message":"Worker 5556 died","timestamp":"2023-09-11T01:10:59.408Z"}
{"level":"info","message":"Worker 13080 died","timestamp":"2023-09-11T01:10:59.430Z"}
{"level":"info","message":"Worker 656 died","timestamp":"2023-09-11T01:10:59.439Z"}
{"level":"info","message":"Worker 11752 died","timestamp":"2023-09-11T01:10:59.442Z"}
{"level":"info","message":"Worker 14528 died","timestamp":"2023-09-11T01:11:38.451Z"}
{"level":"info","message":"Worker 6460 died","timestamp":"2023-09-11T01:11:38.463Z"}
{"level":"info","message":"Worker 5428 died","timestamp":"2023-09-11T01:11:38.470Z"}
{"level":"info","message":"Worker 15112 died","timestamp":"2023-09-11T01:11:38.482Z"}
{"level":"info","message":"Worker 14256 died","timestamp":"2023-09-11T01:23:35.050Z"}
{"level":"info","message":"Worker 13228 died","timestamp":"2023-09-11T01:23:35.086Z"}
{"level":"info","message":"Worker 10044 died","timestamp":"2023-09-11T01:23:35.100Z"}
{"level":"info","message":"Worker 6736 died","timestamp":"2023-09-11T01:23:35.103Z"}
{"level":"info","message":"Worker 5756 died","timestamp":"2023-09-11T01:23:51.176Z"}
{"level":"info","message":"Worker 2680 died","timestamp":"2023-09-11T01:23:51.215Z"}
{"level":"info","message":"Worker 12420 died","timestamp":"2023-09-11T01:23:51.231Z"}
{"level":"info","message":"Worker 7464 died","timestamp":"2023-09-11T01:23:51.242Z"}
{"level":"info","message":"Worker 3032 died","timestamp":"2023-09-11T01:24:26.940Z"}
{"level":"info","message":"Worker 15556 died","timestamp":"2023-09-11T01:24:26.948Z"}
{"level":"info","message":"Worker 7732 died","timestamp":"2023-09-11T01:24:26.967Z"}
{"level":"info","message":"Worker 5600 died","timestamp":"2023-09-11T01:24:27.005Z"}
{"level":"info","message":"Worker 5800 died","timestamp":"2023-09-11T01:24:53.268Z"}
{"level":"info","message":"Worker 10448 died","timestamp":"2023-09-11T01:24:53.285Z"}
{"level":"info","message":"Worker 12292 died","timestamp":"2023-09-11T01:24:53.286Z"}
{"level":"info","message":"Worker 13652 died","timestamp":"2023-09-11T01:24:53.296Z"}
{"level":"info","message":"Worker 16316 died","timestamp":"2023-09-11T01:25:23.577Z"}
{"level":"info","message":"Worker 15784 died","timestamp":"2023-09-11T01:25:23.604Z"}
{"level":"info","message":"Worker 16332 died","timestamp":"2023-09-11T01:25:23.613Z"}
{"level":"info","message":"Worker 6052 died","timestamp":"2023-09-11T01:25:23.631Z"}
{"level":"info","message":"Worker 2096 died","timestamp":"2023-09-11T01:25:41.613Z"}
{"level":"info","message":"Worker 11132 died","timestamp":"2023-09-11T01:25:41.618Z"}
{"level":"info","message":"Worker 7732 died","timestamp":"2023-09-11T01:25:41.637Z"}
{"level":"info","message":"Worker 14792 died","timestamp":"2023-09-11T01:25:41.679Z"}
{"level":"info","message":"Worker 1984 died","timestamp":"2023-09-11T01:27:09.409Z"}
{"level":"info","message":"Worker 9548 died","timestamp":"2023-09-11T01:27:09.415Z"}
{"level":"info","message":"Worker 6928 died","timestamp":"2023-09-11T01:27:09.435Z"}
{"level":"info","message":"Worker 5872 died","timestamp":"2023-09-11T01:27:09.466Z"}
{"level":"info","message":"Worker 13976 died","timestamp":"2023-09-11T01:30:20.873Z"}
{"level":"info","message":"Worker 12452 died","timestamp":"2023-09-11T01:30:20.878Z"}
{"level":"info","message":"Worker 9356 died","timestamp":"2023-09-11T01:30:20.894Z"}
{"level":"info","message":"Worker 4724 died","timestamp":"2023-09-11T01:30:20.941Z"}
{"level":"info","message":"Worker 7704 died","timestamp":"2023-09-11T01:31:51.274Z"}
{"level":"info","message":"Worker 14076 died","timestamp":"2023-09-11T01:31:51.282Z"}
{"level":"info","message":"Worker 3176 died","timestamp":"2023-09-11T01:31:51.285Z"}
{"level":"info","message":"Worker 9156 died","timestamp":"2023-09-11T01:31:51.302Z"}
{"level":"info","message":"Worker 10288 died","timestamp":"2023-09-11T01:32:42.064Z"}
{"level":"info","message":"Worker 5864 died","timestamp":"2023-09-11T01:32:42.074Z"}
{"level":"info","message":"Worker 9228 died","timestamp":"2023-09-11T01:32:42.082Z"}
{"level":"info","message":"Worker 9708 died","timestamp":"2023-09-11T01:32:42.098Z"}
{"level":"info","message":"Worker 15640 died","timestamp":"2023-09-11T01:36:48.220Z"}
{"level":"info","message":"Worker 5728 died","timestamp":"2023-09-11T01:36:48.227Z"}
{"level":"info","message":"Worker 11620 died","timestamp":"2023-09-11T01:36:48.243Z"}
{"level":"info","message":"Worker 7968 died","timestamp":"2023-09-11T01:36:48.248Z"}
{"level":"info","message":"Worker 15716 died","timestamp":"2023-09-11T01:37:11.050Z"}
{"level":"info","message":"Worker 4444 died","timestamp":"2023-09-11T01:37:11.067Z"}
{"level":"info","message":"Worker 13976 died","timestamp":"2023-09-11T01:37:11.078Z"}
{"level":"info","message":"Worker 13844 died","timestamp":"2023-09-11T01:37:11.139Z"}
{"level":"info","message":"Worker 6736 died","timestamp":"2023-09-11T01:46:22.811Z"}
{"level":"info","message":"Worker 7296 died","timestamp":"2023-09-11T01:46:22.817Z"}
{"level":"info","message":"Worker 13440 died","timestamp":"2023-09-11T01:46:22.847Z"}
{"level":"info","message":"Worker 15632 died","timestamp":"2023-09-11T01:46:22.880Z"}
{"level":"info","message":"Worker 3812 died","timestamp":"2023-09-11T01:46:44.386Z"}
{"level":"info","message":"Worker 15508 died","timestamp":"2023-09-11T01:46:44.392Z"}
{"level":"info","message":"Worker 12736 died","timestamp":"2023-09-11T01:46:44.393Z"}
{"level":"info","message":"Worker 10276 died","timestamp":"2023-09-11T01:46:44.396Z"}
{"level":"info","message":"Worker 7084 died","timestamp":"2023-09-11T01:47:41.244Z"}
{"level":"info","message":"Worker 16060 died","timestamp":"2023-09-11T01:47:41.265Z"}
{"level":"info","message":"Worker 15184 died","timestamp":"2023-09-11T01:47:41.267Z"}
{"level":"info","message":"Worker 13844 died","timestamp":"2023-09-11T01:47:41.309Z"}
{"level":"info","message":"Server Started Successfully","timestamp":"2023-09-11T01:48:21.942Z"}
{"level":"info","message":"Server Started Successfully","timestamp":"2023-09-11T01:48:21.930Z"}
{"level":"info","message":"Server Started Successfully","timestamp":"2023-09-11T01:48:21.990Z"}
{"level":"info","message":"Server Started Successfully","timestamp":"2023-09-11T01:48:22.015Z"}
{"level":"info","message":"Worker 14768 died","timestamp":"2023-09-11T02:53:24.049Z"}
{"level":"info","message":"Worker 5556 died","timestamp":"2023-09-11T02:53:24.056Z"}
{"level":"info","message":"Worker 17644 died","timestamp":"2023-09-11T02:53:24.058Z"}
{"level":"info","message":"Worker 10120 died","timestamp":"2023-09-11T02:53:24.064Z"}
{"level":"info","message":"Worker 2972 died","timestamp":"2023-09-11T02:54:32.931Z"}
{"level":"info","message":"Worker 17360 died","timestamp":"2023-09-11T02:54:32.937Z"}
{"level":"info","message":"Worker 15712 died","timestamp":"2023-09-11T02:54:32.938Z"}
{"level":"info","message":"Worker 16700 died","timestamp":"2023-09-11T02:54:32.942Z"}
{"level":"info","message":"Worker 15952 died","timestamp":"2023-09-11T02:55:36.772Z"}
{"level":"info","message":"Worker 17876 died","timestamp":"2023-09-11T02:55:36.794Z"}
{"level":"info","message":"Worker 16200 died","timestamp":"2023-09-11T02:55:36.795Z"}
{"level":"info","message":"Worker 3604 died","timestamp":"2023-09-11T02:55:36.802Z"}
{"level":"info","message":"Worker 16984 died","timestamp":"2023-09-11T02:59:01.384Z"}
{"level":"info","message":"Worker 17028 died","timestamp":"2023-09-11T02:59:01.441Z"}
{"level":"info","message":"Worker 16816 died","timestamp":"2023-09-11T02:59:01.445Z"}
{"level":"info","message":"Worker 18416 died","timestamp":"2023-09-11T02:59:01.482Z"}
{"level":"info","message":"Server Started Successfully","timestamp":"2023-09-11T02:59:15.818Z"}
{"level":"info","message":"Server Started Successfully","timestamp":"2023-09-11T02:59:15.844Z"}
{"level":"info","message":"Server Started Successfully","timestamp":"2023-09-11T02:59:15.858Z"}
{"level":"info","message":"Server Started Successfully","timestamp":"2023-09-11T02:59:15.910Z"}
{"level":"info","message":"Server Started Successfully","timestamp":"2023-09-11T03:06:59.377Z"}
{"level":"info","message":"Server Started Successfully","timestamp":"2023-09-11T03:06:59.380Z"}
{"level":"info","message":"Server Started Successfully","timestamp":"2023-09-11T03:06:59.377Z"}
{"level":"info","message":"Server Started Successfully","timestamp":"2023-09-11T03:06:59.435Z"}
{"level":"info","message":"Server Started Successfully","timestamp":"2023-09-11T03:13:41.376Z"}
{"level":"info","message":"Server Started Successfully","timestamp":"2023-09-11T03:13:41.391Z"}
{"level":"info","message":"Server Started Successfully","timestamp":"2023-09-11T03:13:41.406Z"}
{"level":"info","message":"Server Started Successfully","timestamp":"2023-09-11T03:13:41.425Z"}
{"level":"info","message":"Server Started Successfully","timestamp":"2023-09-11T03:14:14.611Z"}
{"level":"info","message":"Server Started Successfully","timestamp":"2023-09-11T03:14:14.670Z"}
{"level":"info","message":"Server Started Successfully","timestamp":"2023-09-11T03:14:14.683Z"}
{"level":"info","message":"Server Started Successfully","timestamp":"2023-09-11T03:14:14.702Z"}
{"level":"info","message":"Server Started Successfully","timestamp":"2023-09-11T03:19:18.514Z"}
{"level":"info","message":"Server Started Successfully","timestamp":"2023-09-11T03:19:18.531Z"}
{"level":"info","message":"Server Started Successfully","timestamp":"2023-09-11T03:19:18.530Z"}
{"level":"info","message":"Server Started Successfully","timestamp":"2023-09-11T03:19:18.554Z"}
{"level":"info","message":"Server Started Successfully","timestamp":"2023-09-11T03:24:01.415Z"}
{"level":"info","message":"Server Started Successfully","timestamp":"2023-09-11T03:24:01.432Z"}
{"level":"info","message":"Server Started Successfully","timestamp":"2023-09-11T03:24:01.436Z"}
{"level":"info","message":"Server Started Successfully","timestamp":"2023-09-11T03:24:01.433Z"}
{"level":"info","message":"Server Started Successfully","timestamp":"2023-09-11T03:24:55.489Z"}
{"level":"info","message":"Server Started Successfully","timestamp":"2023-09-11T03:24:55.489Z"}
{"level":"info","message":"Server Started Successfully","timestamp":"2023-09-11T03:24:55.498Z"}
{"level":"info","message":"Server Started Successfully","timestamp":"2023-09-11T03:24:55.503Z"}
{"level":"info","message":"Server Started Successfully","timestamp":"2023-09-11T03:28:31.041Z"}
{"level":"info","message":"Server Started Successfully","timestamp":"2023-09-11T03:28:31.064Z"}
{"level":"info","message":"Server Started Successfully","timestamp":"2023-09-11T03:28:31.081Z"}
{"level":"info","message":"Server Started Successfully","timestamp":"2023-09-11T03:28:31.089Z"}
{"level":"info","message":"Server Started Successfully","timestamp":"2023-09-11T03:29:07.568Z"}
{"level":"info","message":"Server Started Successfully","timestamp":"2023-09-11T03:29:07.573Z"}
{"level":"info","message":"Server Started Successfully","timestamp":"2023-09-11T03:29:07.586Z"}
{"level":"info","message":"Server Started Successfully","timestamp":"2023-09-11T03:29:07.644Z"}
{"level":"info","message":"Worker 16760 died","timestamp":"2023-09-11T03:29:41.547Z"}
{"level":"info","message":"Worker 11068 died","timestamp":"2023-09-11T03:29:41.556Z"}
{"level":"info","message":"Worker 10632 died","timestamp":"2023-09-11T03:29:41.562Z"}
{"level":"info","message":"Worker 12024 died","timestamp":"2023-09-11T03:29:41.636Z"}
{"level":"info","message":"Worker 15920 died","timestamp":"2023-09-11T03:30:04.876Z"}
{"level":"info","message":"Worker 11752 died","timestamp":"2023-09-11T03:30:04.915Z"}
{"level":"info","message":"Worker 13976 died","timestamp":"2023-09-11T03:30:04.923Z"}
{"level":"info","message":"Worker 17180 died","timestamp":"2023-09-11T03:30:04.924Z"}
{"level":"info","message":"Server Started Successfully","timestamp":"2023-09-11T03:30:49.336Z"}
{"level":"info","message":"Server Started Successfully","timestamp":"2023-09-11T03:30:49.338Z"}
{"level":"info","message":"Server Started Successfully","timestamp":"2023-09-11T03:30:49.346Z"}
{"level":"info","message":"Server Started Successfully","timestamp":"2023-09-11T03:30:49.353Z"}
{"level":"info","message":"Server Started Successfully","timestamp":"2023-09-11T03:31:33.439Z"}
{"level":"info","message":"Server Started Successfully","timestamp":"2023-09-11T03:31:33.476Z"}
{"level":"info","message":"Server Started Successfully","timestamp":"2023-09-11T03:31:33.483Z"}
{"level":"info","message":"Server Started Successfully","timestamp":"2023-09-11T03:31:33.503Z"}
{"level":"info","message":"Server Started Successfully","timestamp":"2023-09-11T03:34:21.177Z"}
{"level":"info","message":"Server Started Successfully","timestamp":"2023-09-11T03:34:21.198Z"}
{"level":"info","message":"Server Started Successfully","timestamp":"2023-09-11T03:34:21.203Z"}
{"level":"info","message":"Server Started Successfully","timestamp":"2023-09-11T03:34:21.261Z"}
{"level":"info","message":"Server Started Successfully","timestamp":"2023-09-11T03:34:52.102Z"}
{"level":"info","message":"Server Started Successfully","timestamp":"2023-09-11T03:34:52.157Z"}
{"level":"info","message":"Server Started Successfully","timestamp":"2023-09-11T03:34:52.164Z"}
{"level":"info","message":"Server Started Successfully","timestamp":"2023-09-11T03:34:52.187Z"}
{"level":"info","message":"Server Started Successfully","timestamp":"2023-09-11T03:35:38.891Z"}
{"level":"info","message":"Server Started Successfully","timestamp":"2023-09-11T03:35:38.923Z"}
{"level":"info","message":"Server Started Successfully","timestamp":"2023-09-11T03:35:38.926Z"}
{"level":"info","message":"Server Started Successfully","timestamp":"2023-09-11T03:35:38.948Z"}
{"level":"info","message":"Server Started Successfully","timestamp":"2023-09-11T03:36:41.521Z"}
{"level":"info","message":"Server Started Successfully","timestamp":"2023-09-11T03:36:41.523Z"}
{"level":"info","message":"Server Started Successfully","timestamp":"2023-09-11T03:36:41.574Z"}
{"level":"info","message":"Server Started Successfully","timestamp":"2023-09-11T03:36:41.600Z"}
{"level":"info","message":"Request received: method---GET ::::: route---/","timestamp":"2023-09-11T03:36:44.324Z"}
{"level":"info","message":"Server Started Successfully","timestamp":"2023-09-11T03:38:04.389Z"}
{"level":"info","message":"Server Started Successfully","timestamp":"2023-09-11T03:38:04.403Z"}
{"level":"info","message":"Server Started Successfully","timestamp":"2023-09-11T03:38:04.467Z"}
{"level":"info","message":"Server Started Successfully","timestamp":"2023-09-11T03:38:04.485Z"}
{"level":"info","message":"Request received: method---GET ::::: route---/","timestamp":"2023-09-11T03:38:07.247Z"}
{"level":"info","message":"Request received: method---GET ::::: route---/","timestamp":"2023-09-11T03:38:10.030Z"}
{"level":"info","message":"Request received: method---GET ::::: route---/user","timestamp":"2023-09-11T03:38:58.118Z"}
{"level":"info","message":"Request received: method---GET ::::: route---/users","timestamp":"2023-09-11T03:40:55.881Z"}
{"level":"info","message":"Server Started Successfully","timestamp":"2023-09-11T03:41:30.765Z"}
{"level":"info","message":"Server Started Successfully","timestamp":"2023-09-11T03:41:30.783Z"}
{"level":"info","message":"Server Started Successfully","timestamp":"2023-09-11T03:41:30.804Z"}
{"level":"info","message":"Server Started Successfully","timestamp":"2023-09-11T03:41:30.853Z"}
{"level":"info","message":"Request received: method---GET ::::: route---/users","timestamp":"2023-09-11T03:41:37.162Z"}
{"level":"info","message":"Request received: method---GET ::::: route---/","timestamp":"2023-09-11T03:41:41.362Z"}
{"level":"info","message":"Server Started Successfully","timestamp":"2023-09-11T03:42:20.564Z"}
{"level":"info","message":"Server Started Successfully","timestamp":"2023-09-11T03:42:20.585Z"}
{"level":"info","message":"Server Started Successfully","timestamp":"2023-09-11T03:42:20.591Z"}
{"level":"info","message":"Server Started Successfully","timestamp":"2023-09-11T03:42:20.670Z"}
{"level":"info","message":"Request received: method---GET ::::: route---/","timestamp":"2023-09-11T03:42:24.985Z"}
{"level":"info","message":"Request received: method---GET ::::: route---/","timestamp":"2023-09-11T03:42:27.883Z"}
{"level":"info","message":"Server Started Successfully","timestamp":"2023-09-11T03:42:46.918Z"}
{"level":"info","message":"Server Started Successfully","timestamp":"2023-09-11T03:42:46.940Z"}
{"level":"info","message":"Server Started Successfully","timestamp":"2023-09-11T03:42:46.914Z"}
{"level":"info","message":"Server Started Successfully","timestamp":"2023-09-11T03:42:47.019Z"}
{"level":"info","message":"Server Started Successfully","timestamp":"2023-09-11T03:43:50.468Z"}
{"level":"info","message":"Server Started Successfully","timestamp":"2023-09-11T03:43:50.491Z"}
{"level":"info","message":"Server Started Successfully","timestamp":"2023-09-11T03:43:50.560Z"}
{"level":"info","message":"Server Started Successfully","timestamp":"2023-09-11T03:43:50.607Z"}
{"level":"info","message":"Server Started Successfully","timestamp":"2023-09-11T03:45:42.925Z"}
{"level":"info","message":"Server Started Successfully","timestamp":"2023-09-11T03:45:42.939Z"}
{"level":"info","message":"Server Started Successfully","timestamp":"2023-09-11T03:45:42.963Z"}
{"level":"info","message":"Server Started Successfully","timestamp":"2023-09-11T03:45:43.012Z"}
{"level":"info","message":"Server Started Successfully","timestamp":"2023-09-11T03:46:24.619Z"}
{"level":"info","message":"Server Started Successfully","timestamp":"2023-09-11T03:46:24.642Z"}
{"level":"info","message":"Server Started Successfully","timestamp":"2023-09-11T03:46:24.668Z"}
{"level":"info","message":"Server Started Successfully","timestamp":"2023-09-11T03:46:24.696Z"}
{"level":"info","message":"Server Started Successfully","timestamp":"2023-09-11T03:47:33.839Z"}
{"level":"info","message":"Server Started Successfully","timestamp":"2023-09-11T03:47:33.851Z"}
{"level":"info","message":"Server Started Successfully","timestamp":"2023-09-11T03:47:33.902Z"}
{"level":"info","message":"Server Started Successfully","timestamp":"2023-09-11T03:47:33.940Z"}
{"level":"info","message":"Server Started Successfully","timestamp":"2023-09-11T03:49:35.214Z"}
{"level":"info","message":"Server Started Successfully","timestamp":"2023-09-11T03:49:35.190Z"}
{"level":"info","message":"Server Started Successfully","timestamp":"2023-09-11T03:49:35.246Z"}
{"level":"info","message":"Server Started Successfully","timestamp":"2023-09-11T03:49:35.284Z"}
{"level":"info","message":"Server Started Successfully","timestamp":"2023-09-11T03:49:54.814Z"}
{"level":"info","message":"Server Started Successfully","timestamp":"2023-09-11T03:49:54.827Z"}
{"level":"info","message":"Server Started Successfully","timestamp":"2023-09-11T03:49:54.871Z"}
{"level":"info","message":"Server Started Successfully","timestamp":"2023-09-11T03:49:54.865Z"}
{"level":"info","message":"Server Started Successfully","timestamp":"2023-09-11T03:50:11.703Z"}
{"level":"info","message":"Server Started Successfully","timestamp":"2023-09-11T03:50:11.722Z"}
{"level":"info","message":"Server Started Successfully","timestamp":"2023-09-11T03:50:11.755Z"}
{"level":"info","message":"Server Started Successfully","timestamp":"2023-09-11T03:50:11.776Z"}
{"level":"info","message":"Request received: method---GET ::::: route---/","timestamp":"2023-09-11T03:50:13.808Z"}
{"level":"info","message":"Server Started Successfully","timestamp":"2023-09-11T03:50:35.639Z"}
{"level":"info","message":"Server Started Successfully","timestamp":"2023-09-11T03:50:35.659Z"}
{"level":"info","message":"Server Started Successfully","timestamp":"2023-09-11T03:50:35.662Z"}
{"level":"info","message":"Server Started Successfully","timestamp":"2023-09-11T03:50:35.691Z"}
{"level":"info","message":"Request received: method---GET ::::: route---/","timestamp":"2023-09-11T03:50:40.729Z"}
{"level":"info","message":"Server Started Successfully","timestamp":"2023-09-11T03:54:58.597Z"}
{"level":"info","message":"Server Started Successfully","timestamp":"2023-09-11T03:54:58.629Z"}
{"level":"info","message":"Server Started Successfully","timestamp":"2023-09-11T03:54:58.654Z"}
{"level":"info","message":"Server Started Successfully","timestamp":"2023-09-11T03:54:58.656Z"}
{"level":"info","message":"Request received: method---GET ::::: route---/","timestamp":"2023-09-11T03:55:18.593Z"}
{"level":"info","message":"Request received: method---GET ::::: route---/","timestamp":"2023-09-11T03:55:19.745Z"}
{"level":"info","message":"Request received: method---GET ::::: route---/","timestamp":"2023-09-11T03:55:20.148Z"}
{"level":"info","message":"Request received: method---GET ::::: route---/","timestamp":"2023-09-11T03:55:20.368Z"}
{"level":"info","message":"Request received: method---GET ::::: route---/","timestamp":"2023-09-11T04:00:38.445Z"}
{"level":"info","message":"Worker 15868 died","timestamp":"2023-09-11T04:04:05.775Z"}
{"level":"info","message":"Worker 16728 died","timestamp":"2023-09-11T04:04:05.781Z"}
{"level":"info","message":"Worker 14780 died","timestamp":"2023-09-11T04:04:05.788Z"}
{"level":"info","message":"Worker 16752 died","timestamp":"2023-09-11T04:09:44.586Z"}
{"level":"info","message":"Worker 7684 died","timestamp":"2023-09-11T04:09:44.592Z"}
{"level":"info","message":"Worker 17932 died","timestamp":"2023-09-11T04:09:44.594Z"}
{"level":"info","message":"Worker 16960 died","timestamp":"2023-09-11T04:09:44.597Z"}
{"level":"info","message":"Worker 16648 died","timestamp":"2023-09-11T04:12:18.029Z"}
{"level":"info","message":"Worker 15440 died","timestamp":"2023-09-11T04:12:18.040Z"}
{"level":"info","message":"Worker 4800 died","timestamp":"2023-09-11T04:12:18.058Z"}
{"level":"info","message":"Worker 18400 died","timestamp":"2023-09-11T04:12:18.068Z"}
{"level":"info","message":"Worker 16692 died","timestamp":"2023-09-11T04:12:57.045Z"}
{"level":"info","message":"Worker 16004 died","timestamp":"2023-09-11T04:12:57.063Z"}
{"level":"info","message":"Worker 7740 died","timestamp":"2023-09-11T04:12:57.112Z"}
{"level":"info","message":"Worker 11856 died","timestamp":"2023-09-11T04:12:57.130Z"}
{"level":"info","message":"Worker 14328 died","timestamp":"2023-09-11T04:13:54.002Z"}
{"level":"info","message":"Worker 13140 died","timestamp":"2023-09-11T04:13:54.008Z"}
{"level":"info","message":"Worker 13148 died","timestamp":"2023-09-11T04:13:54.039Z"}
{"level":"info","message":"Worker 17892 died","timestamp":"2023-09-11T04:13:54.059Z"}
{"level":"info","message":"Worker 14976 died","timestamp":"2023-09-11T04:14:23.844Z"}
{"level":"info","message":"Worker 18336 died","timestamp":"2023-09-11T04:14:23.850Z"}
{"level":"info","message":"Worker 16580 died","timestamp":"2023-09-11T04:14:23.851Z"}
{"level":"info","message":"Worker 15676 died","timestamp":"2023-09-11T04:14:23.870Z"}
{"level":"info","message":"Worker 13912 died","timestamp":"2023-09-11T04:15:44.735Z"}
{"level":"info","message":"Worker 12104 died","timestamp":"2023-09-11T04:15:44.743Z"}
{"level":"info","message":"Worker 7416 died","timestamp":"2023-09-11T04:15:44.744Z"}
{"level":"info","message":"Worker 16824 died","timestamp":"2023-09-11T04:15:44.783Z"}
{"level":"info","message":"Worker 10764 died","timestamp":"2023-09-11T04:15:51.324Z"}
{"level":"info","message":"Worker 16020 died","timestamp":"2023-09-11T04:15:51.330Z"}
{"level":"info","message":"Worker 13436 died","timestamp":"2023-09-11T04:15:51.333Z"}
{"level":"info","message":"Worker 13460 died","timestamp":"2023-09-11T04:15:51.336Z"}
{"level":"info","message":"Worker 2676 died","timestamp":"2023-09-11T04:16:07.369Z"}
{"level":"info","message":"Worker 9176 died","timestamp":"2023-09-11T04:16:07.390Z"}
{"level":"info","message":"Worker 12476 died","timestamp":"2023-09-11T04:16:07.393Z"}
{"level":"info","message":"Worker 18212 died","timestamp":"2023-09-11T04:16:07.405Z"}
{"level":"info","message":"Server Started Successfully","timestamp":"2023-09-11T04:17:54.872Z"}
{"level":"info","message":"Server Started Successfully","timestamp":"2023-09-11T04:17:54.853Z"}
{"level":"info","message":"Server Started Successfully","timestamp":"2023-09-11T04:17:54.877Z"}
{"level":"info","message":"Server Started Successfully","timestamp":"2023-09-11T04:17:54.870Z"}
{"level":"info","message":"Request received: method---GET ::::: route---/","timestamp":"2023-09-11T04:18:03.467Z"}
{"level":"info","message":"Worker 13100 died","timestamp":"2023-09-22T19:12:10.764Z"}
{"level":"info","message":"Worker 18668 died","timestamp":"2023-09-22T19:12:10.773Z"}
{"level":"info","message":"Worker 12240 died","timestamp":"2023-09-22T19:12:10.784Z"}
{"level":"info","message":"Worker 18380 died","timestamp":"2023-09-22T19:12:10.805Z"}
{"level":"info","message":"Server Started Successfully","timestamp":"2023-09-22T19:16:29.417Z"}
{"level":"info","message":"Server Started Successfully","timestamp":"2023-09-22T19:16:29.419Z"}
{"level":"info","message":"Server Started Successfully","timestamp":"2023-09-22T19:16:29.420Z"}
{"level":"info","message":"Server Started Successfully","timestamp":"2023-09-22T19:16:29.435Z"}
{"level":"info","message":"Request received: method---GET ::::: route---/","timestamp":"2023-09-22T19:16:35.676Z"}
{"level":"info","message":"Worker 15204 died","timestamp":"2023-09-22T19:16:59.514Z"}
{"level":"info","message":"Worker 7800 died","timestamp":"2023-09-22T19:16:59.522Z"}
{"level":"info","message":"Worker 10372 died","timestamp":"2023-09-22T19:16:59.524Z"}
{"level":"info","message":"Worker 13972 died","timestamp":"2023-09-22T19:16:59.530Z"}
{"level":"info","message":"Server Started Successfully","timestamp":"2023-09-25T00:30:59.682Z"}
{"level":"info","message":"Server Started Successfully","timestamp":"2023-09-25T00:30:59.683Z"}
{"level":"info","message":"Server Started Successfully","timestamp":"2023-09-25T00:30:59.692Z"}
{"level":"info","message":"Server Started Successfully","timestamp":"2023-09-25T00:30:59.725Z"}
{"level":"info","message":"Worker 8760 died","timestamp":"2023-09-25T00:31:29.779Z"}
{"level":"info","message":"Worker 6368 died","timestamp":"2023-09-25T00:31:29.794Z"}
{"level":"info","message":"Worker 1816 died","timestamp":"2023-09-25T00:31:29.800Z"}
{"level":"info","message":"Worker 2204 died","timestamp":"2023-09-25T00:31:29.817Z"}
{"level":"info","message":"Server Started Successfully","timestamp":"2023-09-25T00:32:47.603Z"}
{"level":"info","message":"Server Started Successfully","timestamp":"2023-09-25T00:32:47.661Z"}
{"level":"info","message":"Server Started Successfully","timestamp":"2023-09-25T00:32:47.673Z"}
{"level":"info","message":"Server Started Successfully","timestamp":"2023-09-25T00:32:47.698Z"}
{"level":"info","message":"Server Started Successfully","timestamp":"2023-09-25T00:36:31.551Z"}
{"level":"info","message":"Server Started Successfully","timestamp":"2023-09-25T00:36:31.592Z"}
{"level":"info","message":"Server Started Successfully","timestamp":"2023-09-25T00:36:31.620Z"}
{"level":"info","message":"Server Started Successfully","timestamp":"2023-09-25T00:36:31.625Z"}
{"level":"info","message":"Server Started Successfully","timestamp":"2023-09-25T00:37:52.882Z"}
{"level":"info","message":"Server Started Successfully","timestamp":"2023-09-25T00:37:52.911Z"}
{"level":"info","message":"Server Started Successfully","timestamp":"2023-09-25T00:37:52.973Z"}
{"level":"info","message":"Server Started Successfully","timestamp":"2023-09-25T00:37:53.026Z"}
{"level":"info","message":"Server Started Successfully","timestamp":"2023-09-25T00:39:15.955Z"}
{"level":"info","message":"Server Started Successfully","timestamp":"2023-09-25T00:39:15.999Z"}
{"level":"info","message":"Server Started Successfully","timestamp":"2023-09-25T00:39:15.994Z"}
{"level":"info","message":"Server Started Successfully","timestamp":"2023-09-25T00:39:16.060Z"}
{"level":"info","message":"Server Started Successfully","timestamp":"2023-09-25T00:41:26.122Z"}
{"level":"info","message":"Server Started Successfully","timestamp":"2023-09-25T00:41:26.192Z"}
{"level":"info","message":"Server Started Successfully","timestamp":"2023-09-25T00:41:26.187Z"}
{"level":"info","message":"Server Started Successfully","timestamp":"2023-09-25T00:41:26.248Z"}
{"level":"info","message":"Server Started Successfully","timestamp":"2023-09-25T00:42:56.597Z"}
{"level":"info","message":"Server Started Successfully","timestamp":"2023-09-25T00:42:56.597Z"}
{"level":"info","message":"Server Started Successfully","timestamp":"2023-09-25T00:42:56.647Z"}
{"level":"info","message":"Server Started Successfully","timestamp":"2023-09-25T00:42:56.640Z"}
{"level":"info","message":"Server Started Successfully","timestamp":"2023-09-25T00:44:09.435Z"}
{"level":"info","message":"Server Started Successfully","timestamp":"2023-09-25T00:44:09.444Z"}
{"level":"info","message":"Server Started Successfully","timestamp":"2023-09-25T00:44:09.512Z"}
{"level":"info","message":"Server Started Successfully","timestamp":"2023-09-25T00:44:09.523Z"}
{"level":"info","message":"Server Started Successfully","timestamp":"2023-09-25T00:46:05.123Z"}
{"level":"info","message":"Server Started Successfully","timestamp":"2023-09-25T00:46:05.131Z"}
{"level":"info","message":"Server Started Successfully","timestamp":"2023-09-25T00:46:05.115Z"}
{"level":"info","message":"Server Started Successfully","timestamp":"2023-09-25T00:46:05.169Z"}
{"level":"info","message":"Server Started Successfully","timestamp":"2023-09-25T00:51:06.108Z"}
{"level":"info","message":"Server Started Successfully","timestamp":"2023-09-25T00:51:06.141Z"}
{"level":"info","message":"Server Started Successfully","timestamp":"2023-09-25T00:51:06.176Z"}
{"level":"info","message":"Server Started Successfully","timestamp":"2023-09-25T00:51:06.206Z"}
{"level":"info","message":"Server Started Successfully","timestamp":"2023-09-25T00:59:36.220Z"}
{"level":"info","message":"Server Started Successfully","timestamp":"2023-09-25T00:59:36.263Z"}
{"level":"info","message":"Server Started Successfully","timestamp":"2023-09-25T00:59:36.280Z"}
{"level":"info","message":"Server Started Successfully","timestamp":"2023-09-25T00:59:36.322Z"}
{"level":"info","message":"Server Started Successfully","timestamp":"2023-09-25T01:00:13.003Z"}
{"level":"info","message":"Server Started Successfully","timestamp":"2023-09-25T01:00:13.031Z"}
{"level":"info","message":"Server Started Successfully","timestamp":"2023-09-25T01:00:13.050Z"}
{"level":"info","message":"Server Started Successfully","timestamp":"2023-09-25T01:00:13.070Z"}
{"level":"info","message":"Server Started Successfully","timestamp":"2023-09-25T01:00:51.999Z"}
{"level":"info","message":"Server Started Successfully","timestamp":"2023-09-25T01:00:52.025Z"}
{"level":"info","message":"Server Started Successfully","timestamp":"2023-09-25T01:00:52.048Z"}
{"level":"info","message":"Server Started Successfully","timestamp":"2023-09-25T01:00:52.113Z"}
{"level":"info","message":"Server Started Successfully","timestamp":"2023-09-25T01:05:10.086Z"}
{"level":"info","message":"Server Started Successfully","timestamp":"2023-09-25T01:05:10.078Z"}
{"level":"info","message":"Server Started Successfully","timestamp":"2023-09-25T01:05:10.117Z"}
{"level":"info","message":"Server Started Successfully","timestamp":"2023-09-25T01:05:10.164Z"}
{"level":"info","message":"Server Started Successfully","timestamp":"2023-09-25T01:15:32.214Z"}
{"level":"info","message":"Server Started Successfully","timestamp":"2023-09-25T01:15:32.232Z"}
{"level":"info","message":"Server Started Successfully","timestamp":"2023-09-25T01:15:32.256Z"}
{"level":"info","message":"Server Started Successfully","timestamp":"2023-09-25T01:15:32.319Z"}
{"level":"info","message":"Server Started Successfully","timestamp":"2023-09-25T01:16:18.578Z"}
{"level":"info","message":"Server Started Successfully","timestamp":"2023-09-25T01:16:18.617Z"}
{"level":"info","message":"Server Started Successfully","timestamp":"2023-09-25T01:16:18.607Z"}
{"level":"info","message":"Server Started Successfully","timestamp":"2023-09-25T01:16:18.650Z"}
